The system is: Linux - 3.10.0-862.el7.x86_64 - x86_64
Compiling the C compiler identification source file "CMakeCCompilerId.c" succeeded.
Compiler: /usr/bin/i686-w64-mingw32-gcc 
Build flags: 
Id flags:  

The output was:
0


Compilation of the C compiler identification source "CMakeCCompilerId.c" produced "a.exe"

The C compiler identification is GNU, found in "/root/sources/image-compress/cmake-build-debug/CMakeFiles/3.12.3/CompilerIdC/a.exe"

Compiling the CXX compiler identification source file "CMakeCXXCompilerId.cpp" succeeded.
Compiler: /usr/bin/i686-w64-mingw32-g++ 
Build flags: 
Id flags:  

The output was:
0


Compilation of the CXX compiler identification source "CMakeCXXCompilerId.cpp" produced "a.exe"

The CXX compiler identification is GNU, found in "/root/sources/image-compress/cmake-build-debug/CMakeFiles/3.12.3/CompilerIdCXX/a.exe"

Determining if the C compiler works passed with the following output:
Change Dir: /root/sources/image-compress/cmake-build-debug/CMakeFiles/CMakeTmp

Run Build Command:"/usr/bin/make" "cmTC_513d6/fast"
/usr/bin/make -f CMakeFiles/cmTC_513d6.dir/build.make CMakeFiles/cmTC_513d6.dir/build
make[1]: 进入目录“/root/sources/image-compress/cmake-build-debug/CMakeFiles/CMakeTmp”
Building C object CMakeFiles/cmTC_513d6.dir/testCCompiler.c.o
/usr/bin/i686-w64-mingw32-gcc    -o CMakeFiles/cmTC_513d6.dir/testCCompiler.c.o   -c /root/sources/image-compress/cmake-build-debug/CMakeFiles/CMakeTmp/testCCompiler.c
Linking C executable cmTC_513d6
/root/env/clion-2018.2.5/bin/cmake/linux/bin/cmake -E cmake_link_script CMakeFiles/cmTC_513d6.dir/link.txt --verbose=1
/usr/bin/i686-w64-mingw32-gcc      CMakeFiles/cmTC_513d6.dir/testCCompiler.c.o  -o cmTC_513d6 
make[1]: 离开目录“/root/sources/image-compress/cmake-build-debug/CMakeFiles/CMakeTmp”


Detecting C compiler ABI info compiled with the following output:
Change Dir: /root/sources/image-compress/cmake-build-debug/CMakeFiles/CMakeTmp

Run Build Command:"/usr/bin/make" "cmTC_778a5/fast"
/usr/bin/make -f CMakeFiles/cmTC_778a5.dir/build.make CMakeFiles/cmTC_778a5.dir/build
make[1]: 进入目录“/root/sources/image-compress/cmake-build-debug/CMakeFiles/CMakeTmp”
Building C object CMakeFiles/cmTC_778a5.dir/CMakeCCompilerABI.c.o
/usr/bin/i686-w64-mingw32-gcc    -o CMakeFiles/cmTC_778a5.dir/CMakeCCompilerABI.c.o   -c /root/env/clion-2018.2.5/bin/cmake/linux/share/cmake-3.12/Modules/CMakeCCompilerABI.c
Linking C executable cmTC_778a5
/root/env/clion-2018.2.5/bin/cmake/linux/bin/cmake -E cmake_link_script CMakeFiles/cmTC_778a5.dir/link.txt --verbose=1
/usr/bin/i686-w64-mingw32-gcc     -v CMakeFiles/cmTC_778a5.dir/CMakeCCompilerABI.c.o  -o cmTC_778a5 
Using built-in specs.
COLLECT_GCC=/usr/bin/i686-w64-mingw32-gcc
COLLECT_LTO_WRAPPER=/usr/libexec/gcc/i686-w64-mingw32/4.9.3/lto-wrapper
Target: i686-w64-mingw32
Configured with: ../configure --prefix=/usr --bindir=/usr/bin --includedir=/usr/include --mandir=/usr/share/man --infodir=/usr/share/info --datadir=/usr/share --build=x86_64-redhat-linux-gnu --host=x86_64-redhat-linux-gnu --with-gnu-as --with-gnu-ld --verbose --without-newlib --disable-multilib --disable-plugin --with-system-zlib --disable-nls --without-included-gettext --disable-win32-registry --enable-languages=c,c++,objc,obj-c++,fortran --with-bugurl=http://bugzilla.redhat.com/bugzilla --enable-threads=posix --enable-libgomp --target=i686-w64-mingw32 --with-sysroot=/usr/i686-w64-mingw32/sys-root --with-gxx-include-dir=/usr/i686-w64-mingw32/sys-root/mingw/include/c++
Thread model: posix
gcc version 4.9.3 20150626 (Fedora MinGW 4.9.3-1.el7) (GCC) 
COMPILER_PATH=/usr/libexec/gcc/i686-w64-mingw32/4.9.3/:/usr/libexec/gcc/i686-w64-mingw32/4.9.3/:/usr/libexec/gcc/i686-w64-mingw32/:/usr/lib/gcc/i686-w64-mingw32/4.9.3/:/usr/lib/gcc/i686-w64-mingw32/:/usr/lib/gcc/i686-w64-mingw32/4.9.3/../../../../i686-w64-mingw32/bin/
LIBRARY_PATH=/usr/lib/gcc/i686-w64-mingw32/4.9.3/:/usr/lib/gcc/i686-w64-mingw32/4.9.3/../../../../i686-w64-mingw32/lib/../lib/:/usr/i686-w64-mingw32/sys-root/mingw/lib/../lib/:/usr/lib/gcc/i686-w64-mingw32/4.9.3/../../../../i686-w64-mingw32/lib/:/usr/i686-w64-mingw32/sys-root/mingw/lib/
COLLECT_GCC_OPTIONS='-v' '-o' 'cmTC_778a5' '-mtune=generic' '-march=pentiumpro'
 /usr/libexec/gcc/i686-w64-mingw32/4.9.3/collect2 -plugin /usr/libexec/gcc/i686-w64-mingw32/4.9.3/liblto_plugin.so -plugin-opt=/usr/libexec/gcc/i686-w64-mingw32/4.9.3/lto-wrapper -plugin-opt=-fresolution=/tmp/ccSXzHMq.res -plugin-opt=-pass-through=-lmingw32 -plugin-opt=-pass-through=-lgcc -plugin-opt=-pass-through=-lgcc_eh -plugin-opt=-pass-through=-lmoldname -plugin-opt=-pass-through=-lmingwex -plugin-opt=-pass-through=-lmsvcrt -plugin-opt=-pass-through=-lpthread -plugin-opt=-pass-through=-ladvapi32 -plugin-opt=-pass-through=-lshell32 -plugin-opt=-pass-through=-luser32 -plugin-opt=-pass-through=-lkernel32 -plugin-opt=-pass-through=-lmingw32 -plugin-opt=-pass-through=-lgcc -plugin-opt=-pass-through=-lgcc_eh -plugin-opt=-pass-through=-lmoldname -plugin-opt=-pass-through=-lmingwex -plugin-opt=-pass-through=-lmsvcrt --sysroot=/usr/i686-w64-mingw32/sys-root -m i386pe -Bdynamic -o cmTC_778a5 /usr/i686-w64-mingw32/sys-root/mingw/lib/../lib/crt2.o /usr/lib/gcc/i686-w64-mingw32/4.9.3/crtbegin.o -L/usr/lib/gcc/i686-w64-mingw32/4.9.3 -L/usr/lib/gcc/i686-w64-mingw32/4.9.3/../../../../i686-w64-mingw32/lib/../lib -L/usr/i686-w64-mingw32/sys-root/mingw/lib/../lib -L/usr/lib/gcc/i686-w64-mingw32/4.9.3/../../../../i686-w64-mingw32/lib -L/usr/i686-w64-mingw32/sys-root/mingw/lib CMakeFiles/cmTC_778a5.dir/CMakeCCompilerABI.c.o -lmingw32 -lgcc -lgcc_eh -lmoldname -lmingwex -lmsvcrt -lpthread -ladvapi32 -lshell32 -luser32 -lkernel32 -lmingw32 -lgcc -lgcc_eh -lmoldname -lmingwex -lmsvcrt /usr/lib/gcc/i686-w64-mingw32/4.9.3/crtend.o
make[1]: 离开目录“/root/sources/image-compress/cmake-build-debug/CMakeFiles/CMakeTmp”


Parsed C implicit link information from above output:
  link line regex: [^( *|.*[/\])(ld|CMAKE_LINK_STARTFILE-NOTFOUND|([^/\]+-)?ld|collect2)[^/\]*( |$)]
  ignore line: [Change Dir: /root/sources/image-compress/cmake-build-debug/CMakeFiles/CMakeTmp]
  ignore line: []
  ignore line: [Run Build Command:"/usr/bin/make" "cmTC_778a5/fast"]
  ignore line: [/usr/bin/make -f CMakeFiles/cmTC_778a5.dir/build.make CMakeFiles/cmTC_778a5.dir/build]
  ignore line: [make[1]: 进入目录“/root/sources/image-compress/cmake-build-debug/CMakeFiles/CMakeTmp”]
  ignore line: [Building C object CMakeFiles/cmTC_778a5.dir/CMakeCCompilerABI.c.o]
  ignore line: [/usr/bin/i686-w64-mingw32-gcc    -o CMakeFiles/cmTC_778a5.dir/CMakeCCompilerABI.c.o   -c /root/env/clion-2018.2.5/bin/cmake/linux/share/cmake-3.12/Modules/CMakeCCompilerABI.c]
  ignore line: [Linking C executable cmTC_778a5]
  ignore line: [/root/env/clion-2018.2.5/bin/cmake/linux/bin/cmake -E cmake_link_script CMakeFiles/cmTC_778a5.dir/link.txt --verbose=1]
  ignore line: [/usr/bin/i686-w64-mingw32-gcc     -v CMakeFiles/cmTC_778a5.dir/CMakeCCompilerABI.c.o  -o cmTC_778a5 ]
  ignore line: [Using built-in specs.]
  ignore line: [COLLECT_GCC=/usr/bin/i686-w64-mingw32-gcc]
  ignore line: [COLLECT_LTO_WRAPPER=/usr/libexec/gcc/i686-w64-mingw32/4.9.3/lto-wrapper]
  ignore line: [Target: i686-w64-mingw32]
  ignore line: [Configured with: ../configure --prefix=/usr --bindir=/usr/bin --includedir=/usr/include --mandir=/usr/share/man --infodir=/usr/share/info --datadir=/usr/share --build=x86_64-redhat-linux-gnu --host=x86_64-redhat-linux-gnu --with-gnu-as --with-gnu-ld --verbose --without-newlib --disable-multilib --disable-plugin --with-system-zlib --disable-nls --without-included-gettext --disable-win32-registry --enable-languages=c,c++,objc,obj-c++,fortran --with-bugurl=http://bugzilla.redhat.com/bugzilla --enable-threads=posix --enable-libgomp --target=i686-w64-mingw32 --with-sysroot=/usr/i686-w64-mingw32/sys-root --with-gxx-include-dir=/usr/i686-w64-mingw32/sys-root/mingw/include/c++]
  ignore line: [Thread model: posix]
  ignore line: [gcc version 4.9.3 20150626 (Fedora MinGW 4.9.3-1.el7) (GCC) ]
  ignore line: [COMPILER_PATH=/usr/libexec/gcc/i686-w64-mingw32/4.9.3/:/usr/libexec/gcc/i686-w64-mingw32/4.9.3/:/usr/libexec/gcc/i686-w64-mingw32/:/usr/lib/gcc/i686-w64-mingw32/4.9.3/:/usr/lib/gcc/i686-w64-mingw32/:/usr/lib/gcc/i686-w64-mingw32/4.9.3/../../../../i686-w64-mingw32/bin/]
  ignore line: [LIBRARY_PATH=/usr/lib/gcc/i686-w64-mingw32/4.9.3/:/usr/lib/gcc/i686-w64-mingw32/4.9.3/../../../../i686-w64-mingw32/lib/../lib/:/usr/i686-w64-mingw32/sys-root/mingw/lib/../lib/:/usr/lib/gcc/i686-w64-mingw32/4.9.3/../../../../i686-w64-mingw32/lib/:/usr/i686-w64-mingw32/sys-root/mingw/lib/]
  ignore line: [COLLECT_GCC_OPTIONS='-v' '-o' 'cmTC_778a5' '-mtune=generic' '-march=pentiumpro']
  link line: [ /usr/libexec/gcc/i686-w64-mingw32/4.9.3/collect2 -plugin /usr/libexec/gcc/i686-w64-mingw32/4.9.3/liblto_plugin.so -plugin-opt=/usr/libexec/gcc/i686-w64-mingw32/4.9.3/lto-wrapper -plugin-opt=-fresolution=/tmp/ccSXzHMq.res -plugin-opt=-pass-through=-lmingw32 -plugin-opt=-pass-through=-lgcc -plugin-opt=-pass-through=-lgcc_eh -plugin-opt=-pass-through=-lmoldname -plugin-opt=-pass-through=-lmingwex -plugin-opt=-pass-through=-lmsvcrt -plugin-opt=-pass-through=-lpthread -plugin-opt=-pass-through=-ladvapi32 -plugin-opt=-pass-through=-lshell32 -plugin-opt=-pass-through=-luser32 -plugin-opt=-pass-through=-lkernel32 -plugin-opt=-pass-through=-lmingw32 -plugin-opt=-pass-through=-lgcc -plugin-opt=-pass-through=-lgcc_eh -plugin-opt=-pass-through=-lmoldname -plugin-opt=-pass-through=-lmingwex -plugin-opt=-pass-through=-lmsvcrt --sysroot=/usr/i686-w64-mingw32/sys-root -m i386pe -Bdynamic -o cmTC_778a5 /usr/i686-w64-mingw32/sys-root/mingw/lib/../lib/crt2.o /usr/lib/gcc/i686-w64-mingw32/4.9.3/crtbegin.o -L/usr/lib/gcc/i686-w64-mingw32/4.9.3 -L/usr/lib/gcc/i686-w64-mingw32/4.9.3/../../../../i686-w64-mingw32/lib/../lib -L/usr/i686-w64-mingw32/sys-root/mingw/lib/../lib -L/usr/lib/gcc/i686-w64-mingw32/4.9.3/../../../../i686-w64-mingw32/lib -L/usr/i686-w64-mingw32/sys-root/mingw/lib CMakeFiles/cmTC_778a5.dir/CMakeCCompilerABI.c.o -lmingw32 -lgcc -lgcc_eh -lmoldname -lmingwex -lmsvcrt -lpthread -ladvapi32 -lshell32 -luser32 -lkernel32 -lmingw32 -lgcc -lgcc_eh -lmoldname -lmingwex -lmsvcrt /usr/lib/gcc/i686-w64-mingw32/4.9.3/crtend.o]
    arg [/usr/libexec/gcc/i686-w64-mingw32/4.9.3/collect2] ==> ignore
    arg [-plugin] ==> ignore
    arg [/usr/libexec/gcc/i686-w64-mingw32/4.9.3/liblto_plugin.so] ==> ignore
    arg [-plugin-opt=/usr/libexec/gcc/i686-w64-mingw32/4.9.3/lto-wrapper] ==> ignore
    arg [-plugin-opt=-fresolution=/tmp/ccSXzHMq.res] ==> ignore
    arg [-plugin-opt=-pass-through=-lmingw32] ==> ignore
    arg [-plugin-opt=-pass-through=-lgcc] ==> ignore
    arg [-plugin-opt=-pass-through=-lgcc_eh] ==> ignore
    arg [-plugin-opt=-pass-through=-lmoldname] ==> ignore
    arg [-plugin-opt=-pass-through=-lmingwex] ==> ignore
    arg [-plugin-opt=-pass-through=-lmsvcrt] ==> ignore
    arg [-plugin-opt=-pass-through=-lpthread] ==> ignore
    arg [-plugin-opt=-pass-through=-ladvapi32] ==> ignore
    arg [-plugin-opt=-pass-through=-lshell32] ==> ignore
    arg [-plugin-opt=-pass-through=-luser32] ==> ignore
    arg [-plugin-opt=-pass-through=-lkernel32] ==> ignore
    arg [-plugin-opt=-pass-through=-lmingw32] ==> ignore
    arg [-plugin-opt=-pass-through=-lgcc] ==> ignore
    arg [-plugin-opt=-pass-through=-lgcc_eh] ==> ignore
    arg [-plugin-opt=-pass-through=-lmoldname] ==> ignore
    arg [-plugin-opt=-pass-through=-lmingwex] ==> ignore
    arg [-plugin-opt=-pass-through=-lmsvcrt] ==> ignore
    arg [--sysroot=/usr/i686-w64-mingw32/sys-root] ==> ignore
    arg [-m] ==> ignore
    arg [i386pe] ==> ignore
    arg [-Bdynamic] ==> ignore
    arg [-o] ==> ignore
    arg [cmTC_778a5] ==> ignore
    arg [/usr/i686-w64-mingw32/sys-root/mingw/lib/../lib/crt2.o] ==> ignore
    arg [/usr/lib/gcc/i686-w64-mingw32/4.9.3/crtbegin.o] ==> ignore
    arg [-L/usr/lib/gcc/i686-w64-mingw32/4.9.3] ==> dir [/usr/lib/gcc/i686-w64-mingw32/4.9.3]
    arg [-L/usr/lib/gcc/i686-w64-mingw32/4.9.3/../../../../i686-w64-mingw32/lib/../lib] ==> dir [/usr/lib/gcc/i686-w64-mingw32/4.9.3/../../../../i686-w64-mingw32/lib/../lib]
    arg [-L/usr/i686-w64-mingw32/sys-root/mingw/lib/../lib] ==> dir [/usr/i686-w64-mingw32/sys-root/mingw/lib/../lib]
    arg [-L/usr/lib/gcc/i686-w64-mingw32/4.9.3/../../../../i686-w64-mingw32/lib] ==> dir [/usr/lib/gcc/i686-w64-mingw32/4.9.3/../../../../i686-w64-mingw32/lib]
    arg [-L/usr/i686-w64-mingw32/sys-root/mingw/lib] ==> dir [/usr/i686-w64-mingw32/sys-root/mingw/lib]
    arg [CMakeFiles/cmTC_778a5.dir/CMakeCCompilerABI.c.o] ==> ignore
    arg [-lmingw32] ==> lib [mingw32]
    arg [-lgcc] ==> lib [gcc]
    arg [-lgcc_eh] ==> lib [gcc_eh]
    arg [-lmoldname] ==> lib [moldname]
    arg [-lmingwex] ==> lib [mingwex]
    arg [-lmsvcrt] ==> lib [msvcrt]
    arg [-lpthread] ==> lib [pthread]
    arg [-ladvapi32] ==> lib [advapi32]
    arg [-lshell32] ==> lib [shell32]
    arg [-luser32] ==> lib [user32]
    arg [-lkernel32] ==> lib [kernel32]
    arg [-lmingw32] ==> lib [mingw32]
    arg [-lgcc] ==> lib [gcc]
    arg [-lgcc_eh] ==> lib [gcc_eh]
    arg [-lmoldname] ==> lib [moldname]
    arg [-lmingwex] ==> lib [mingwex]
    arg [-lmsvcrt] ==> lib [msvcrt]
    arg [/usr/lib/gcc/i686-w64-mingw32/4.9.3/crtend.o] ==> ignore
  remove lib [gcc_eh]
  remove lib [msvcrt]
  remove lib [gcc_eh]
  remove lib [msvcrt]
  collapse library dir [/usr/lib/gcc/i686-w64-mingw32/4.9.3] ==> [/usr/lib/gcc/i686-w64-mingw32/4.9.3]
  collapse library dir [/usr/lib/gcc/i686-w64-mingw32/4.9.3/../../../../i686-w64-mingw32/lib/../lib] ==> [/usr/i686-w64-mingw32/lib]
  collapse library dir [/usr/i686-w64-mingw32/sys-root/mingw/lib/../lib] ==> [/usr/i686-w64-mingw32/sys-root/mingw/lib]
  collapse library dir [/usr/lib/gcc/i686-w64-mingw32/4.9.3/../../../../i686-w64-mingw32/lib] ==> [/usr/i686-w64-mingw32/lib]
  collapse library dir [/usr/i686-w64-mingw32/sys-root/mingw/lib] ==> [/usr/i686-w64-mingw32/sys-root/mingw/lib]
  implicit libs: [mingw32;gcc;moldname;mingwex;pthread;advapi32;shell32;user32;kernel32;mingw32;gcc;moldname;mingwex]
  implicit dirs: [/usr/lib/gcc/i686-w64-mingw32/4.9.3;/usr/i686-w64-mingw32/lib;/usr/i686-w64-mingw32/sys-root/mingw/lib]
  implicit fwks: []




Detecting C [-std=c11] compiler features compiled with the following output:
Change Dir: /root/sources/image-compress/cmake-build-debug/CMakeFiles/CMakeTmp

Run Build Command:"/usr/bin/make" "cmTC_80fb9/fast"
/usr/bin/make -f CMakeFiles/cmTC_80fb9.dir/build.make CMakeFiles/cmTC_80fb9.dir/build
make[1]: 进入目录“/root/sources/image-compress/cmake-build-debug/CMakeFiles/CMakeTmp”
Building C object CMakeFiles/cmTC_80fb9.dir/feature_tests.c.o
/usr/bin/i686-w64-mingw32-gcc   -std=c11 -o CMakeFiles/cmTC_80fb9.dir/feature_tests.c.o   -c /root/sources/image-compress/cmake-build-debug/CMakeFiles/feature_tests.c
Linking C executable cmTC_80fb9
/root/env/clion-2018.2.5/bin/cmake/linux/bin/cmake -E cmake_link_script CMakeFiles/cmTC_80fb9.dir/link.txt --verbose=1
/usr/bin/i686-w64-mingw32-gcc      CMakeFiles/cmTC_80fb9.dir/feature_tests.c.o  -o cmTC_80fb9 
make[1]: 离开目录“/root/sources/image-compress/cmake-build-debug/CMakeFiles/CMakeTmp”


    Feature record: C_FEATURE:1c_function_prototypes
    Feature record: C_FEATURE:1c_restrict
    Feature record: C_FEATURE:1c_static_assert
    Feature record: C_FEATURE:1c_variadic_macros


Detecting C [-std=c99] compiler features compiled with the following output:
Change Dir: /root/sources/image-compress/cmake-build-debug/CMakeFiles/CMakeTmp

Run Build Command:"/usr/bin/make" "cmTC_4184c/fast"
/usr/bin/make -f CMakeFiles/cmTC_4184c.dir/build.make CMakeFiles/cmTC_4184c.dir/build
make[1]: 进入目录“/root/sources/image-compress/cmake-build-debug/CMakeFiles/CMakeTmp”
Building C object CMakeFiles/cmTC_4184c.dir/feature_tests.c.o
/usr/bin/i686-w64-mingw32-gcc   -std=c99 -o CMakeFiles/cmTC_4184c.dir/feature_tests.c.o   -c /root/sources/image-compress/cmake-build-debug/CMakeFiles/feature_tests.c
Linking C executable cmTC_4184c
/root/env/clion-2018.2.5/bin/cmake/linux/bin/cmake -E cmake_link_script CMakeFiles/cmTC_4184c.dir/link.txt --verbose=1
/usr/bin/i686-w64-mingw32-gcc      CMakeFiles/cmTC_4184c.dir/feature_tests.c.o  -o cmTC_4184c 
make[1]: 离开目录“/root/sources/image-compress/cmake-build-debug/CMakeFiles/CMakeTmp”


    Feature record: C_FEATURE:1c_function_prototypes
    Feature record: C_FEATURE:1c_restrict
    Feature record: C_FEATURE:0c_static_assert
    Feature record: C_FEATURE:1c_variadic_macros


Detecting C [-std=c90] compiler features compiled with the following output:
Change Dir: /root/sources/image-compress/cmake-build-debug/CMakeFiles/CMakeTmp

Run Build Command:"/usr/bin/make" "cmTC_59069/fast"
/usr/bin/make -f CMakeFiles/cmTC_59069.dir/build.make CMakeFiles/cmTC_59069.dir/build
make[1]: 进入目录“/root/sources/image-compress/cmake-build-debug/CMakeFiles/CMakeTmp”
Building C object CMakeFiles/cmTC_59069.dir/feature_tests.c.o
/usr/bin/i686-w64-mingw32-gcc   -std=c90 -o CMakeFiles/cmTC_59069.dir/feature_tests.c.o   -c /root/sources/image-compress/cmake-build-debug/CMakeFiles/feature_tests.c
Linking C executable cmTC_59069
/root/env/clion-2018.2.5/bin/cmake/linux/bin/cmake -E cmake_link_script CMakeFiles/cmTC_59069.dir/link.txt --verbose=1
/usr/bin/i686-w64-mingw32-gcc      CMakeFiles/cmTC_59069.dir/feature_tests.c.o  -o cmTC_59069 
make[1]: 离开目录“/root/sources/image-compress/cmake-build-debug/CMakeFiles/CMakeTmp”


    Feature record: C_FEATURE:1c_function_prototypes
    Feature record: C_FEATURE:0c_restrict
    Feature record: C_FEATURE:0c_static_assert
    Feature record: C_FEATURE:0c_variadic_macros
Determining if the CXX compiler works passed with the following output:
Change Dir: /root/sources/image-compress/cmake-build-debug/CMakeFiles/CMakeTmp

Run Build Command:"/usr/bin/make" "cmTC_b850c/fast"
/usr/bin/make -f CMakeFiles/cmTC_b850c.dir/build.make CMakeFiles/cmTC_b850c.dir/build
make[1]: 进入目录“/root/sources/image-compress/cmake-build-debug/CMakeFiles/CMakeTmp”
Building CXX object CMakeFiles/cmTC_b850c.dir/testCXXCompiler.cxx.o
/usr/bin/i686-w64-mingw32-g++     -o CMakeFiles/cmTC_b850c.dir/testCXXCompiler.cxx.o -c /root/sources/image-compress/cmake-build-debug/CMakeFiles/CMakeTmp/testCXXCompiler.cxx
Linking CXX executable cmTC_b850c
/root/env/clion-2018.2.5/bin/cmake/linux/bin/cmake -E cmake_link_script CMakeFiles/cmTC_b850c.dir/link.txt --verbose=1
/usr/bin/i686-w64-mingw32-g++       CMakeFiles/cmTC_b850c.dir/testCXXCompiler.cxx.o  -o cmTC_b850c 
make[1]: 离开目录“/root/sources/image-compress/cmake-build-debug/CMakeFiles/CMakeTmp”


Detecting CXX compiler ABI info compiled with the following output:
Change Dir: /root/sources/image-compress/cmake-build-debug/CMakeFiles/CMakeTmp

Run Build Command:"/usr/bin/make" "cmTC_c2174/fast"
/usr/bin/make -f CMakeFiles/cmTC_c2174.dir/build.make CMakeFiles/cmTC_c2174.dir/build
make[1]: 进入目录“/root/sources/image-compress/cmake-build-debug/CMakeFiles/CMakeTmp”
Building CXX object CMakeFiles/cmTC_c2174.dir/CMakeCXXCompilerABI.cpp.o
/usr/bin/i686-w64-mingw32-g++     -o CMakeFiles/cmTC_c2174.dir/CMakeCXXCompilerABI.cpp.o -c /root/env/clion-2018.2.5/bin/cmake/linux/share/cmake-3.12/Modules/CMakeCXXCompilerABI.cpp
Linking CXX executable cmTC_c2174
/root/env/clion-2018.2.5/bin/cmake/linux/bin/cmake -E cmake_link_script CMakeFiles/cmTC_c2174.dir/link.txt --verbose=1
/usr/bin/i686-w64-mingw32-g++      -v CMakeFiles/cmTC_c2174.dir/CMakeCXXCompilerABI.cpp.o  -o cmTC_c2174 
Using built-in specs.
COLLECT_GCC=/usr/bin/i686-w64-mingw32-g++
COLLECT_LTO_WRAPPER=/usr/libexec/gcc/i686-w64-mingw32/4.9.3/lto-wrapper
Target: i686-w64-mingw32
Configured with: ../configure --prefix=/usr --bindir=/usr/bin --includedir=/usr/include --mandir=/usr/share/man --infodir=/usr/share/info --datadir=/usr/share --build=x86_64-redhat-linux-gnu --host=x86_64-redhat-linux-gnu --with-gnu-as --with-gnu-ld --verbose --without-newlib --disable-multilib --disable-plugin --with-system-zlib --disable-nls --without-included-gettext --disable-win32-registry --enable-languages=c,c++,objc,obj-c++,fortran --with-bugurl=http://bugzilla.redhat.com/bugzilla --enable-threads=posix --enable-libgomp --target=i686-w64-mingw32 --with-sysroot=/usr/i686-w64-mingw32/sys-root --with-gxx-include-dir=/usr/i686-w64-mingw32/sys-root/mingw/include/c++
Thread model: posix
gcc version 4.9.3 20150626 (Fedora MinGW 4.9.3-1.el7) (GCC) 
COMPILER_PATH=/usr/libexec/gcc/i686-w64-mingw32/4.9.3/:/usr/libexec/gcc/i686-w64-mingw32/4.9.3/:/usr/libexec/gcc/i686-w64-mingw32/:/usr/lib/gcc/i686-w64-mingw32/4.9.3/:/usr/lib/gcc/i686-w64-mingw32/:/usr/lib/gcc/i686-w64-mingw32/4.9.3/../../../../i686-w64-mingw32/bin/
LIBRARY_PATH=/usr/lib/gcc/i686-w64-mingw32/4.9.3/:/usr/lib/gcc/i686-w64-mingw32/4.9.3/../../../../i686-w64-mingw32/lib/../lib/:/usr/i686-w64-mingw32/sys-root/mingw/lib/../lib/:/usr/lib/gcc/i686-w64-mingw32/4.9.3/../../../../i686-w64-mingw32/lib/:/usr/i686-w64-mingw32/sys-root/mingw/lib/
COLLECT_GCC_OPTIONS='-v' '-o' 'cmTC_c2174' '-shared-libgcc' '-mtune=generic' '-march=pentiumpro'
 /usr/libexec/gcc/i686-w64-mingw32/4.9.3/collect2 -plugin /usr/libexec/gcc/i686-w64-mingw32/4.9.3/liblto_plugin.so -plugin-opt=/usr/libexec/gcc/i686-w64-mingw32/4.9.3/lto-wrapper -plugin-opt=-fresolution=/tmp/ccVAGTRT.res -plugin-opt=-pass-through=-lmingw32 -plugin-opt=-pass-through=-lgcc_s -plugin-opt=-pass-through=-lgcc -plugin-opt=-pass-through=-lmoldname -plugin-opt=-pass-through=-lmingwex -plugin-opt=-pass-through=-lmsvcrt -plugin-opt=-pass-through=-lpthread -plugin-opt=-pass-through=-ladvapi32 -plugin-opt=-pass-through=-lshell32 -plugin-opt=-pass-through=-luser32 -plugin-opt=-pass-through=-lkernel32 -plugin-opt=-pass-through=-lmingw32 -plugin-opt=-pass-through=-lgcc_s -plugin-opt=-pass-through=-lgcc -plugin-opt=-pass-through=-lmoldname -plugin-opt=-pass-through=-lmingwex -plugin-opt=-pass-through=-lmsvcrt --sysroot=/usr/i686-w64-mingw32/sys-root -m i386pe -Bdynamic -o cmTC_c2174 /usr/i686-w64-mingw32/sys-root/mingw/lib/../lib/crt2.o /usr/lib/gcc/i686-w64-mingw32/4.9.3/crtbegin.o -L/usr/lib/gcc/i686-w64-mingw32/4.9.3 -L/usr/lib/gcc/i686-w64-mingw32/4.9.3/../../../../i686-w64-mingw32/lib/../lib -L/usr/i686-w64-mingw32/sys-root/mingw/lib/../lib -L/usr/lib/gcc/i686-w64-mingw32/4.9.3/../../../../i686-w64-mingw32/lib -L/usr/i686-w64-mingw32/sys-root/mingw/lib CMakeFiles/cmTC_c2174.dir/CMakeCXXCompilerABI.cpp.o -lstdc++ -lmingw32 -lgcc_s -lgcc -lmoldname -lmingwex -lmsvcrt -lpthread -ladvapi32 -lshell32 -luser32 -lkernel32 -lmingw32 -lgcc_s -lgcc -lmoldname -lmingwex -lmsvcrt /usr/lib/gcc/i686-w64-mingw32/4.9.3/crtend.o
make[1]: 离开目录“/root/sources/image-compress/cmake-build-debug/CMakeFiles/CMakeTmp”


Parsed CXX implicit link information from above output:
  link line regex: [^( *|.*[/\])(ld|CMAKE_LINK_STARTFILE-NOTFOUND|([^/\]+-)?ld|collect2)[^/\]*( |$)]
  ignore line: [Change Dir: /root/sources/image-compress/cmake-build-debug/CMakeFiles/CMakeTmp]
  ignore line: []
  ignore line: [Run Build Command:"/usr/bin/make" "cmTC_c2174/fast"]
  ignore line: [/usr/bin/make -f CMakeFiles/cmTC_c2174.dir/build.make CMakeFiles/cmTC_c2174.dir/build]
  ignore line: [make[1]: 进入目录“/root/sources/image-compress/cmake-build-debug/CMakeFiles/CMakeTmp”]
  ignore line: [Building CXX object CMakeFiles/cmTC_c2174.dir/CMakeCXXCompilerABI.cpp.o]
  ignore line: [/usr/bin/i686-w64-mingw32-g++     -o CMakeFiles/cmTC_c2174.dir/CMakeCXXCompilerABI.cpp.o -c /root/env/clion-2018.2.5/bin/cmake/linux/share/cmake-3.12/Modules/CMakeCXXCompilerABI.cpp]
  ignore line: [Linking CXX executable cmTC_c2174]
  ignore line: [/root/env/clion-2018.2.5/bin/cmake/linux/bin/cmake -E cmake_link_script CMakeFiles/cmTC_c2174.dir/link.txt --verbose=1]
  ignore line: [/usr/bin/i686-w64-mingw32-g++      -v CMakeFiles/cmTC_c2174.dir/CMakeCXXCompilerABI.cpp.o  -o cmTC_c2174 ]
  ignore line: [Using built-in specs.]
  ignore line: [COLLECT_GCC=/usr/bin/i686-w64-mingw32-g++]
  ignore line: [COLLECT_LTO_WRAPPER=/usr/libexec/gcc/i686-w64-mingw32/4.9.3/lto-wrapper]
  ignore line: [Target: i686-w64-mingw32]
  ignore line: [Configured with: ../configure --prefix=/usr --bindir=/usr/bin --includedir=/usr/include --mandir=/usr/share/man --infodir=/usr/share/info --datadir=/usr/share --build=x86_64-redhat-linux-gnu --host=x86_64-redhat-linux-gnu --with-gnu-as --with-gnu-ld --verbose --without-newlib --disable-multilib --disable-plugin --with-system-zlib --disable-nls --without-included-gettext --disable-win32-registry --enable-languages=c,c++,objc,obj-c++,fortran --with-bugurl=http://bugzilla.redhat.com/bugzilla --enable-threads=posix --enable-libgomp --target=i686-w64-mingw32 --with-sysroot=/usr/i686-w64-mingw32/sys-root --with-gxx-include-dir=/usr/i686-w64-mingw32/sys-root/mingw/include/c++]
  ignore line: [Thread model: posix]
  ignore line: [gcc version 4.9.3 20150626 (Fedora MinGW 4.9.3-1.el7) (GCC) ]
  ignore line: [COMPILER_PATH=/usr/libexec/gcc/i686-w64-mingw32/4.9.3/:/usr/libexec/gcc/i686-w64-mingw32/4.9.3/:/usr/libexec/gcc/i686-w64-mingw32/:/usr/lib/gcc/i686-w64-mingw32/4.9.3/:/usr/lib/gcc/i686-w64-mingw32/:/usr/lib/gcc/i686-w64-mingw32/4.9.3/../../../../i686-w64-mingw32/bin/]
  ignore line: [LIBRARY_PATH=/usr/lib/gcc/i686-w64-mingw32/4.9.3/:/usr/lib/gcc/i686-w64-mingw32/4.9.3/../../../../i686-w64-mingw32/lib/../lib/:/usr/i686-w64-mingw32/sys-root/mingw/lib/../lib/:/usr/lib/gcc/i686-w64-mingw32/4.9.3/../../../../i686-w64-mingw32/lib/:/usr/i686-w64-mingw32/sys-root/mingw/lib/]
  ignore line: [COLLECT_GCC_OPTIONS='-v' '-o' 'cmTC_c2174' '-shared-libgcc' '-mtune=generic' '-march=pentiumpro']
  link line: [ /usr/libexec/gcc/i686-w64-mingw32/4.9.3/collect2 -plugin /usr/libexec/gcc/i686-w64-mingw32/4.9.3/liblto_plugin.so -plugin-opt=/usr/libexec/gcc/i686-w64-mingw32/4.9.3/lto-wrapper -plugin-opt=-fresolution=/tmp/ccVAGTRT.res -plugin-opt=-pass-through=-lmingw32 -plugin-opt=-pass-through=-lgcc_s -plugin-opt=-pass-through=-lgcc -plugin-opt=-pass-through=-lmoldname -plugin-opt=-pass-through=-lmingwex -plugin-opt=-pass-through=-lmsvcrt -plugin-opt=-pass-through=-lpthread -plugin-opt=-pass-through=-ladvapi32 -plugin-opt=-pass-through=-lshell32 -plugin-opt=-pass-through=-luser32 -plugin-opt=-pass-through=-lkernel32 -plugin-opt=-pass-through=-lmingw32 -plugin-opt=-pass-through=-lgcc_s -plugin-opt=-pass-through=-lgcc -plugin-opt=-pass-through=-lmoldname -plugin-opt=-pass-through=-lmingwex -plugin-opt=-pass-through=-lmsvcrt --sysroot=/usr/i686-w64-mingw32/sys-root -m i386pe -Bdynamic -o cmTC_c2174 /usr/i686-w64-mingw32/sys-root/mingw/lib/../lib/crt2.o /usr/lib/gcc/i686-w64-mingw32/4.9.3/crtbegin.o -L/usr/lib/gcc/i686-w64-mingw32/4.9.3 -L/usr/lib/gcc/i686-w64-mingw32/4.9.3/../../../../i686-w64-mingw32/lib/../lib -L/usr/i686-w64-mingw32/sys-root/mingw/lib/../lib -L/usr/lib/gcc/i686-w64-mingw32/4.9.3/../../../../i686-w64-mingw32/lib -L/usr/i686-w64-mingw32/sys-root/mingw/lib CMakeFiles/cmTC_c2174.dir/CMakeCXXCompilerABI.cpp.o -lstdc++ -lmingw32 -lgcc_s -lgcc -lmoldname -lmingwex -lmsvcrt -lpthread -ladvapi32 -lshell32 -luser32 -lkernel32 -lmingw32 -lgcc_s -lgcc -lmoldname -lmingwex -lmsvcrt /usr/lib/gcc/i686-w64-mingw32/4.9.3/crtend.o]
    arg [/usr/libexec/gcc/i686-w64-mingw32/4.9.3/collect2] ==> ignore
    arg [-plugin] ==> ignore
    arg [/usr/libexec/gcc/i686-w64-mingw32/4.9.3/liblto_plugin.so] ==> ignore
    arg [-plugin-opt=/usr/libexec/gcc/i686-w64-mingw32/4.9.3/lto-wrapper] ==> ignore
    arg [-plugin-opt=-fresolution=/tmp/ccVAGTRT.res] ==> ignore
    arg [-plugin-opt=-pass-through=-lmingw32] ==> ignore
    arg [-plugin-opt=-pass-through=-lgcc_s] ==> ignore
    arg [-plugin-opt=-pass-through=-lgcc] ==> ignore
    arg [-plugin-opt=-pass-through=-lmoldname] ==> ignore
    arg [-plugin-opt=-pass-through=-lmingwex] ==> ignore
    arg [-plugin-opt=-pass-through=-lmsvcrt] ==> ignore
    arg [-plugin-opt=-pass-through=-lpthread] ==> ignore
    arg [-plugin-opt=-pass-through=-ladvapi32] ==> ignore
    arg [-plugin-opt=-pass-through=-lshell32] ==> ignore
    arg [-plugin-opt=-pass-through=-luser32] ==> ignore
    arg [-plugin-opt=-pass-through=-lkernel32] ==> ignore
    arg [-plugin-opt=-pass-through=-lmingw32] ==> ignore
    arg [-plugin-opt=-pass-through=-lgcc_s] ==> ignore
    arg [-plugin-opt=-pass-through=-lgcc] ==> ignore
    arg [-plugin-opt=-pass-through=-lmoldname] ==> ignore
    arg [-plugin-opt=-pass-through=-lmingwex] ==> ignore
    arg [-plugin-opt=-pass-through=-lmsvcrt] ==> ignore
    arg [--sysroot=/usr/i686-w64-mingw32/sys-root] ==> ignore
    arg [-m] ==> ignore
    arg [i386pe] ==> ignore
    arg [-Bdynamic] ==> ignore
    arg [-o] ==> ignore
    arg [cmTC_c2174] ==> ignore
    arg [/usr/i686-w64-mingw32/sys-root/mingw/lib/../lib/crt2.o] ==> ignore
    arg [/usr/lib/gcc/i686-w64-mingw32/4.9.3/crtbegin.o] ==> ignore
    arg [-L/usr/lib/gcc/i686-w64-mingw32/4.9.3] ==> dir [/usr/lib/gcc/i686-w64-mingw32/4.9.3]
    arg [-L/usr/lib/gcc/i686-w64-mingw32/4.9.3/../../../../i686-w64-mingw32/lib/../lib] ==> dir [/usr/lib/gcc/i686-w64-mingw32/4.9.3/../../../../i686-w64-mingw32/lib/../lib]
    arg [-L/usr/i686-w64-mingw32/sys-root/mingw/lib/../lib] ==> dir [/usr/i686-w64-mingw32/sys-root/mingw/lib/../lib]
    arg [-L/usr/lib/gcc/i686-w64-mingw32/4.9.3/../../../../i686-w64-mingw32/lib] ==> dir [/usr/lib/gcc/i686-w64-mingw32/4.9.3/../../../../i686-w64-mingw32/lib]
    arg [-L/usr/i686-w64-mingw32/sys-root/mingw/lib] ==> dir [/usr/i686-w64-mingw32/sys-root/mingw/lib]
    arg [CMakeFiles/cmTC_c2174.dir/CMakeCXXCompilerABI.cpp.o] ==> ignore
    arg [-lstdc++] ==> lib [stdc++]
    arg [-lmingw32] ==> lib [mingw32]
    arg [-lgcc_s] ==> lib [gcc_s]
    arg [-lgcc] ==> lib [gcc]
    arg [-lmoldname] ==> lib [moldname]
    arg [-lmingwex] ==> lib [mingwex]
    arg [-lmsvcrt] ==> lib [msvcrt]
    arg [-lpthread] ==> lib [pthread]
    arg [-ladvapi32] ==> lib [advapi32]
    arg [-lshell32] ==> lib [shell32]
    arg [-luser32] ==> lib [user32]
    arg [-lkernel32] ==> lib [kernel32]
    arg [-lmingw32] ==> lib [mingw32]
    arg [-lgcc_s] ==> lib [gcc_s]
    arg [-lgcc] ==> lib [gcc]
    arg [-lmoldname] ==> lib [moldname]
    arg [-lmingwex] ==> lib [mingwex]
    arg [-lmsvcrt] ==> lib [msvcrt]
    arg [/usr/lib/gcc/i686-w64-mingw32/4.9.3/crtend.o] ==> ignore
  remove lib [msvcrt]
  remove lib [msvcrt]
  collapse library dir [/usr/lib/gcc/i686-w64-mingw32/4.9.3] ==> [/usr/lib/gcc/i686-w64-mingw32/4.9.3]
  collapse library dir [/usr/lib/gcc/i686-w64-mingw32/4.9.3/../../../../i686-w64-mingw32/lib/../lib] ==> [/usr/i686-w64-mingw32/lib]
  collapse library dir [/usr/i686-w64-mingw32/sys-root/mingw/lib/../lib] ==> [/usr/i686-w64-mingw32/sys-root/mingw/lib]
  collapse library dir [/usr/lib/gcc/i686-w64-mingw32/4.9.3/../../../../i686-w64-mingw32/lib] ==> [/usr/i686-w64-mingw32/lib]
  collapse library dir [/usr/i686-w64-mingw32/sys-root/mingw/lib] ==> [/usr/i686-w64-mingw32/sys-root/mingw/lib]
  implicit libs: [stdc++;mingw32;gcc_s;gcc;moldname;mingwex;pthread;advapi32;shell32;user32;kernel32;mingw32;gcc_s;gcc;moldname;mingwex]
  implicit dirs: [/usr/lib/gcc/i686-w64-mingw32/4.9.3;/usr/i686-w64-mingw32/lib;/usr/i686-w64-mingw32/sys-root/mingw/lib]
  implicit fwks: []




Detecting CXX [-std=c++14] compiler features compiled with the following output:
Change Dir: /root/sources/image-compress/cmake-build-debug/CMakeFiles/CMakeTmp

Run Build Command:"/usr/bin/make" "cmTC_fb0c4/fast"
/usr/bin/make -f CMakeFiles/cmTC_fb0c4.dir/build.make CMakeFiles/cmTC_fb0c4.dir/build
make[1]: 进入目录“/root/sources/image-compress/cmake-build-debug/CMakeFiles/CMakeTmp”
Building CXX object CMakeFiles/cmTC_fb0c4.dir/feature_tests.cxx.o
/usr/bin/i686-w64-mingw32-g++    -std=c++14 -o CMakeFiles/cmTC_fb0c4.dir/feature_tests.cxx.o -c /root/sources/image-compress/cmake-build-debug/CMakeFiles/feature_tests.cxx
Linking CXX executable cmTC_fb0c4
/root/env/clion-2018.2.5/bin/cmake/linux/bin/cmake -E cmake_link_script CMakeFiles/cmTC_fb0c4.dir/link.txt --verbose=1
/usr/bin/i686-w64-mingw32-g++       CMakeFiles/cmTC_fb0c4.dir/feature_tests.cxx.o  -o cmTC_fb0c4 
make[1]: 离开目录“/root/sources/image-compress/cmake-build-debug/CMakeFiles/CMakeTmp”


    Feature record: CXX_FEATURE:0cxx_aggregate_default_initializers
    Feature record: CXX_FEATURE:1cxx_alias_templates
    Feature record: CXX_FEATURE:1cxx_alignas
    Feature record: CXX_FEATURE:1cxx_alignof
    Feature record: CXX_FEATURE:1cxx_attributes
    Feature record: CXX_FEATURE:1cxx_attribute_deprecated
    Feature record: CXX_FEATURE:1cxx_auto_type
    Feature record: CXX_FEATURE:1cxx_binary_literals
    Feature record: CXX_FEATURE:1cxx_constexpr
    Feature record: CXX_FEATURE:1cxx_contextual_conversions
    Feature record: CXX_FEATURE:1cxx_decltype
    Feature record: CXX_FEATURE:1cxx_decltype_auto
    Feature record: CXX_FEATURE:1cxx_decltype_incomplete_return_types
    Feature record: CXX_FEATURE:1cxx_default_function_template_args
    Feature record: CXX_FEATURE:1cxx_defaulted_functions
    Feature record: CXX_FEATURE:1cxx_defaulted_move_initializers
    Feature record: CXX_FEATURE:1cxx_delegating_constructors
    Feature record: CXX_FEATURE:1cxx_deleted_functions
    Feature record: CXX_FEATURE:1cxx_digit_separators
    Feature record: CXX_FEATURE:1cxx_enum_forward_declarations
    Feature record: CXX_FEATURE:1cxx_explicit_conversions
    Feature record: CXX_FEATURE:1cxx_extended_friend_declarations
    Feature record: CXX_FEATURE:1cxx_extern_templates
    Feature record: CXX_FEATURE:1cxx_final
    Feature record: CXX_FEATURE:1cxx_func_identifier
    Feature record: CXX_FEATURE:1cxx_generalized_initializers
    Feature record: CXX_FEATURE:1cxx_generic_lambdas
    Feature record: CXX_FEATURE:1cxx_inheriting_constructors
    Feature record: CXX_FEATURE:1cxx_inline_namespaces
    Feature record: CXX_FEATURE:1cxx_lambdas
    Feature record: CXX_FEATURE:1cxx_lambda_init_captures
    Feature record: CXX_FEATURE:1cxx_local_type_template_args
    Feature record: CXX_FEATURE:1cxx_long_long_type
    Feature record: CXX_FEATURE:1cxx_noexcept
    Feature record: CXX_FEATURE:1cxx_nonstatic_member_init
    Feature record: CXX_FEATURE:1cxx_nullptr
    Feature record: CXX_FEATURE:1cxx_override
    Feature record: CXX_FEATURE:1cxx_range_for
    Feature record: CXX_FEATURE:1cxx_raw_string_literals
    Feature record: CXX_FEATURE:1cxx_reference_qualified_functions
    Feature record: CXX_FEATURE:0cxx_relaxed_constexpr
    Feature record: CXX_FEATURE:1cxx_return_type_deduction
    Feature record: CXX_FEATURE:1cxx_right_angle_brackets
    Feature record: CXX_FEATURE:1cxx_rvalue_references
    Feature record: CXX_FEATURE:1cxx_sizeof_member
    Feature record: CXX_FEATURE:1cxx_static_assert
    Feature record: CXX_FEATURE:1cxx_strong_enums
    Feature record: CXX_FEATURE:1cxx_template_template_parameters
    Feature record: CXX_FEATURE:1cxx_thread_local
    Feature record: CXX_FEATURE:1cxx_trailing_return_types
    Feature record: CXX_FEATURE:1cxx_unicode_literals
    Feature record: CXX_FEATURE:1cxx_uniform_initialization
    Feature record: CXX_FEATURE:1cxx_unrestricted_unions
    Feature record: CXX_FEATURE:1cxx_user_literals
    Feature record: CXX_FEATURE:0cxx_variable_templates
    Feature record: CXX_FEATURE:1cxx_variadic_macros
    Feature record: CXX_FEATURE:1cxx_variadic_templates


Detecting CXX [-std=c++11] compiler features compiled with the following output:
Change Dir: /root/sources/image-compress/cmake-build-debug/CMakeFiles/CMakeTmp

Run Build Command:"/usr/bin/make" "cmTC_30eaa/fast"
/usr/bin/make -f CMakeFiles/cmTC_30eaa.dir/build.make CMakeFiles/cmTC_30eaa.dir/build
make[1]: 进入目录“/root/sources/image-compress/cmake-build-debug/CMakeFiles/CMakeTmp”
Building CXX object CMakeFiles/cmTC_30eaa.dir/feature_tests.cxx.o
/usr/bin/i686-w64-mingw32-g++    -std=c++11 -o CMakeFiles/cmTC_30eaa.dir/feature_tests.cxx.o -c /root/sources/image-compress/cmake-build-debug/CMakeFiles/feature_tests.cxx
Linking CXX executable cmTC_30eaa
/root/env/clion-2018.2.5/bin/cmake/linux/bin/cmake -E cmake_link_script CMakeFiles/cmTC_30eaa.dir/link.txt --verbose=1
/usr/bin/i686-w64-mingw32-g++       CMakeFiles/cmTC_30eaa.dir/feature_tests.cxx.o  -o cmTC_30eaa 
make[1]: 离开目录“/root/sources/image-compress/cmake-build-debug/CMakeFiles/CMakeTmp”


    Feature record: CXX_FEATURE:0cxx_aggregate_default_initializers
    Feature record: CXX_FEATURE:1cxx_alias_templates
    Feature record: CXX_FEATURE:1cxx_alignas
    Feature record: CXX_FEATURE:1cxx_alignof
    Feature record: CXX_FEATURE:1cxx_attributes
    Feature record: CXX_FEATURE:0cxx_attribute_deprecated
    Feature record: CXX_FEATURE:1cxx_auto_type
    Feature record: CXX_FEATURE:0cxx_binary_literals
    Feature record: CXX_FEATURE:1cxx_constexpr
    Feature record: CXX_FEATURE:0cxx_contextual_conversions
    Feature record: CXX_FEATURE:1cxx_decltype
    Feature record: CXX_FEATURE:0cxx_decltype_auto
    Feature record: CXX_FEATURE:1cxx_decltype_incomplete_return_types
    Feature record: CXX_FEATURE:1cxx_default_function_template_args
    Feature record: CXX_FEATURE:1cxx_defaulted_functions
    Feature record: CXX_FEATURE:1cxx_defaulted_move_initializers
    Feature record: CXX_FEATURE:1cxx_delegating_constructors
    Feature record: CXX_FEATURE:1cxx_deleted_functions
    Feature record: CXX_FEATURE:0cxx_digit_separators
    Feature record: CXX_FEATURE:1cxx_enum_forward_declarations
    Feature record: CXX_FEATURE:1cxx_explicit_conversions
    Feature record: CXX_FEATURE:1cxx_extended_friend_declarations
    Feature record: CXX_FEATURE:1cxx_extern_templates
    Feature record: CXX_FEATURE:1cxx_final
    Feature record: CXX_FEATURE:1cxx_func_identifier
    Feature record: CXX_FEATURE:1cxx_generalized_initializers
    Feature record: CXX_FEATURE:0cxx_generic_lambdas
    Feature record: CXX_FEATURE:1cxx_inheriting_constructors
    Feature record: CXX_FEATURE:1cxx_inline_namespaces
    Feature record: CXX_FEATURE:1cxx_lambdas
    Feature record: CXX_FEATURE:0cxx_lambda_init_captures
    Feature record: CXX_FEATURE:1cxx_local_type_template_args
    Feature record: CXX_FEATURE:1cxx_long_long_type
    Feature record: CXX_FEATURE:1cxx_noexcept
    Feature record: CXX_FEATURE:1cxx_nonstatic_member_init
    Feature record: CXX_FEATURE:1cxx_nullptr
    Feature record: CXX_FEATURE:1cxx_override
    Feature record: CXX_FEATURE:1cxx_range_for
    Feature record: CXX_FEATURE:1cxx_raw_string_literals
    Feature record: CXX_FEATURE:1cxx_reference_qualified_functions
    Feature record: CXX_FEATURE:0cxx_relaxed_constexpr
    Feature record: CXX_FEATURE:0cxx_return_type_deduction
    Feature record: CXX_FEATURE:1cxx_right_angle_brackets
    Feature record: CXX_FEATURE:1cxx_rvalue_references
    Feature record: CXX_FEATURE:1cxx_sizeof_member
    Feature record: CXX_FEATURE:1cxx_static_assert
    Feature record: CXX_FEATURE:1cxx_strong_enums
    Feature record: CXX_FEATURE:1cxx_template_template_parameters
    Feature record: CXX_FEATURE:1cxx_thread_local
    Feature record: CXX_FEATURE:1cxx_trailing_return_types
    Feature record: CXX_FEATURE:1cxx_unicode_literals
    Feature record: CXX_FEATURE:1cxx_uniform_initialization
    Feature record: CXX_FEATURE:1cxx_unrestricted_unions
    Feature record: CXX_FEATURE:1cxx_user_literals
    Feature record: CXX_FEATURE:0cxx_variable_templates
    Feature record: CXX_FEATURE:1cxx_variadic_macros
    Feature record: CXX_FEATURE:1cxx_variadic_templates


Detecting CXX [-std=c++98] compiler features compiled with the following output:
Change Dir: /root/sources/image-compress/cmake-build-debug/CMakeFiles/CMakeTmp

Run Build Command:"/usr/bin/make" "cmTC_6ced0/fast"
/usr/bin/make -f CMakeFiles/cmTC_6ced0.dir/build.make CMakeFiles/cmTC_6ced0.dir/build
make[1]: 进入目录“/root/sources/image-compress/cmake-build-debug/CMakeFiles/CMakeTmp”
Building CXX object CMakeFiles/cmTC_6ced0.dir/feature_tests.cxx.o
/usr/bin/i686-w64-mingw32-g++    -std=c++98 -o CMakeFiles/cmTC_6ced0.dir/feature_tests.cxx.o -c /root/sources/image-compress/cmake-build-debug/CMakeFiles/feature_tests.cxx
Linking CXX executable cmTC_6ced0
/root/env/clion-2018.2.5/bin/cmake/linux/bin/cmake -E cmake_link_script CMakeFiles/cmTC_6ced0.dir/link.txt --verbose=1
/usr/bin/i686-w64-mingw32-g++       CMakeFiles/cmTC_6ced0.dir/feature_tests.cxx.o  -o cmTC_6ced0 
make[1]: 离开目录“/root/sources/image-compress/cmake-build-debug/CMakeFiles/CMakeTmp”


    Feature record: CXX_FEATURE:0cxx_aggregate_default_initializers
    Feature record: CXX_FEATURE:0cxx_alias_templates
    Feature record: CXX_FEATURE:0cxx_alignas
    Feature record: CXX_FEATURE:0cxx_alignof
    Feature record: CXX_FEATURE:0cxx_attributes
    Feature record: CXX_FEATURE:0cxx_attribute_deprecated
    Feature record: CXX_FEATURE:0cxx_auto_type
    Feature record: CXX_FEATURE:0cxx_binary_literals
    Feature record: CXX_FEATURE:0cxx_constexpr
    Feature record: CXX_FEATURE:0cxx_contextual_conversions
    Feature record: CXX_FEATURE:0cxx_decltype
    Feature record: CXX_FEATURE:0cxx_decltype_auto
    Feature record: CXX_FEATURE:0cxx_decltype_incomplete_return_types
    Feature record: CXX_FEATURE:0cxx_default_function_template_args
    Feature record: CXX_FEATURE:0cxx_defaulted_functions
    Feature record: CXX_FEATURE:0cxx_defaulted_move_initializers
    Feature record: CXX_FEATURE:0cxx_delegating_constructors
    Feature record: CXX_FEATURE:0cxx_deleted_functions
    Feature record: CXX_FEATURE:0cxx_digit_separators
    Feature record: CXX_FEATURE:0cxx_enum_forward_declarations
    Feature record: CXX_FEATURE:0cxx_explicit_conversions
    Feature record: CXX_FEATURE:0cxx_extended_friend_declarations
    Feature record: CXX_FEATURE:0cxx_extern_templates
    Feature record: CXX_FEATURE:0cxx_final
    Feature record: CXX_FEATURE:0cxx_func_identifier
    Feature record: CXX_FEATURE:0cxx_generalized_initializers
    Feature record: CXX_FEATURE:0cxx_generic_lambdas
    Feature record: CXX_FEATURE:0cxx_inheriting_constructors
    Feature record: CXX_FEATURE:0cxx_inline_namespaces
    Feature record: CXX_FEATURE:0cxx_lambdas
    Feature record: CXX_FEATURE:0cxx_lambda_init_captures
    Feature record: CXX_FEATURE:0cxx_local_type_template_args
    Feature record: CXX_FEATURE:0cxx_long_long_type
    Feature record: CXX_FEATURE:0cxx_noexcept
    Feature record: CXX_FEATURE:0cxx_nonstatic_member_init
    Feature record: CXX_FEATURE:0cxx_nullptr
    Feature record: CXX_FEATURE:0cxx_override
    Feature record: CXX_FEATURE:0cxx_range_for
    Feature record: CXX_FEATURE:0cxx_raw_string_literals
    Feature record: CXX_FEATURE:0cxx_reference_qualified_functions
    Feature record: CXX_FEATURE:0cxx_relaxed_constexpr
    Feature record: CXX_FEATURE:0cxx_return_type_deduction
    Feature record: CXX_FEATURE:0cxx_right_angle_brackets
    Feature record: CXX_FEATURE:0cxx_rvalue_references
    Feature record: CXX_FEATURE:0cxx_sizeof_member
    Feature record: CXX_FEATURE:0cxx_static_assert
    Feature record: CXX_FEATURE:0cxx_strong_enums
    Feature record: CXX_FEATURE:1cxx_template_template_parameters
    Feature record: CXX_FEATURE:0cxx_thread_local
    Feature record: CXX_FEATURE:0cxx_trailing_return_types
    Feature record: CXX_FEATURE:0cxx_unicode_literals
    Feature record: CXX_FEATURE:0cxx_uniform_initialization
    Feature record: CXX_FEATURE:0cxx_unrestricted_unions
    Feature record: CXX_FEATURE:0cxx_user_literals
    Feature record: CXX_FEATURE:0cxx_variable_templates
    Feature record: CXX_FEATURE:0cxx_variadic_macros
    Feature record: CXX_FEATURE:0cxx_variadic_templates
